<?xml version="1.0" encoding="UTF-8"?>
<!-- Generated by org.testng.reporters.JUnitReportReporter -->
<testsuite hostname="DESKTOP-670LUFL" failures="0" tests="1" name="com.qa.tf_scst.test.LoginpageTest" time="59.504" errors="1" timestamp="2025-05-22T08:19:18 IST" skipped="0">
  <testcase classname="com.qa.tf_scst.test.LoginpageTest" name="testValidLoginAndLogout" time="59.504">
    <error message="Error {
  message=&#039;Timeout 30000ms exceeded.
  name=&#039;TimeoutError
  stack=&#039;TimeoutError: Timeout 30000ms exceeded.
    at ProgressController.run (C:\Users\Amizhth\AppData\Local\Temp\playwright-java-245433696642845837\package\lib\server\progress.js:75:26)
    at Frame.click (C:\Users\Amizhth\AppData\Local\Temp\playwright-java-245433696642845837\package\lib\server\frames.js:1022:23)
    at FrameDispatcher.click (C:\Users\Amizhth\AppData\Local\Temp\playwright-java-245433696642845837\package\lib\server\dispatchers\frameDispatcher.js:157:30)
    at FrameDispatcher._handleCommand (C:\Users\Amizhth\AppData\Local\Temp\playwright-java-245433696642845837\package\lib\server\dispatchers\dispatcher.js:96:40)
    at DispatcherConnection.dispatch (C:\Users\Amizhth\AppData\Local\Temp\playwright-java-245433696642845837\package\lib\server\dispatchers\dispatcher.js:366:39)
}
Call log:
-   - waiting for getByRole(AriaRole.BUTTON, new Page.GetByRoleOptions().setName(&quot;Login&quot;)).nth(1)
-     - locator resolved to &lt;button tabindex=&quot;0&quot; type=&quot;button&quot; class=&quot;MuiButtonBase-root MuiButton-root MuiButton-text MuiButton-textPrimary MuiButton-sizeMedium MuiButton-textSizeMedium MuiButton-root MuiButton-text MuiButton-textPrimary MuiButton-sizeMedium MuiButton-textSizeMedium login_btn css-1ujsas3&quot;&gt;…&lt;/button&gt;
-   - attempting click action
-     2 × waiting for element to be visible, enabled and stable
-       - element is visible, enabled and stable
-       - scrolling into view if needed
-       - done scrolling
-       - &lt;div class=&quot;loader_div&quot;&gt;…&lt;/div&gt; intercepts pointer events
-     - retrying click action
-     - waiting 20ms
-     2 × waiting for element to be visible, enabled and stable
-       - element is visible, enabled and stable
-       - scrolling into view if needed
-       - done scrolling
-       - &lt;div class=&quot;loader_div&quot;&gt;…&lt;/div&gt; intercepts pointer events
-     - retrying click action
-       - waiting 100ms
-     35 × waiting for element to be visible, enabled and stable
-        - element is visible, enabled and stable
-        - scrolling into view if needed
-        - done scrolling
-        - &lt;div class=&quot;loader_div&quot;&gt;…&lt;/div&gt; intercepts pointer events
-      - retrying click action
-        - waiting 500ms
-   - element was detached from the DOM, retrying
-     - waiting for&quot; http://startuptn-tanfund-qa2.s3-website.ap-south-1.amazonaws.com/under-maintenance&quot; navigation to finish...
-     - navigated to &quot;http://startuptn-tanfund-qa2.s3-website.ap-south-1.amazonaws.com/under-maintenance&quot;
" type="com.microsoft.playwright.TimeoutError">
      <![CDATA[com.microsoft.playwright.TimeoutError: Error {
  message='Timeout 30000ms exceeded.
  name='TimeoutError
  stack='TimeoutError: Timeout 30000ms exceeded.
    at ProgressController.run (C:\Users\Amizhth\AppData\Local\Temp\playwright-java-245433696642845837\package\lib\server\progress.js:75:26)
    at Frame.click (C:\Users\Amizhth\AppData\Local\Temp\playwright-java-245433696642845837\package\lib\server\frames.js:1022:23)
    at FrameDispatcher.click (C:\Users\Amizhth\AppData\Local\Temp\playwright-java-245433696642845837\package\lib\server\dispatchers\frameDispatcher.js:157:30)
    at FrameDispatcher._handleCommand (C:\Users\Amizhth\AppData\Local\Temp\playwright-java-245433696642845837\package\lib\server\dispatchers\dispatcher.js:96:40)
    at DispatcherConnection.dispatch (C:\Users\Amizhth\AppData\Local\Temp\playwright-java-245433696642845837\package\lib\server\dispatchers\dispatcher.js:366:39)
}
Call log:
-   - waiting for getByRole(AriaRole.BUTTON, new Page.GetByRoleOptions().setName("Login")).nth(1)
-     - locator resolved to <button tabindex="0" type="button" class="MuiButtonBase-root MuiButton-root MuiButton-text MuiButton-textPrimary MuiButton-sizeMedium MuiButton-textSizeMedium MuiButton-root MuiButton-text MuiButton-textPrimary MuiButton-sizeMedium MuiButton-textSizeMedium login_btn css-1ujsas3">…</button>
-   - attempting click action
-     2 × waiting for element to be visible, enabled and stable
-       - element is visible, enabled and stable
-       - scrolling into view if needed
-       - done scrolling
-       - <div class="loader_div">…</div> intercepts pointer events
-     - retrying click action
-     - waiting 20ms
-     2 × waiting for element to be visible, enabled and stable
-       - element is visible, enabled and stable
-       - scrolling into view if needed
-       - done scrolling
-       - <div class="loader_div">…</div> intercepts pointer events
-     - retrying click action
-       - waiting 100ms
-     35 × waiting for element to be visible, enabled and stable
-        - element is visible, enabled and stable
-        - scrolling into view if needed
-        - done scrolling
-        - <div class="loader_div">…</div> intercepts pointer events
-      - retrying click action
-        - waiting 500ms
-   - element was detached from the DOM, retrying
-     - waiting for" http://startuptn-tanfund-qa2.s3-website.ap-south-1.amazonaws.com/under-maintenance" navigation to finish...
-     - navigated to "http://startuptn-tanfund-qa2.s3-website.ap-south-1.amazonaws.com/under-maintenance"

at com.microsoft.playwright.impl.WaitableResult.get(WaitableResult.java:52)
at com.microsoft.playwright.impl.ChannelOwner.runUntil(ChannelOwner.java:132)
at com.microsoft.playwright.impl.Connection.sendMessage(Connection.java:130)
at com.microsoft.playwright.impl.ChannelOwner.sendMessage(ChannelOwner.java:118)
at com.microsoft.playwright.impl.FrameImpl.clickImpl(FrameImpl.java:252)
at com.microsoft.playwright.impl.FrameImpl.lambda$click$8(FrameImpl.java:243)
at com.microsoft.playwright.impl.LoggingSupport.lambda$withLogging$0(LoggingSupport.java:36)
at com.microsoft.playwright.impl.LoggingSupport.withLogging(LoggingSupport.java:47)
at com.microsoft.playwright.impl.ChannelOwner.withLogging(ChannelOwner.java:97)
at com.microsoft.playwright.impl.LoggingSupport.withLogging(LoggingSupport.java:35)
at com.microsoft.playwright.impl.FrameImpl.click(FrameImpl.java:243)
at com.microsoft.playwright.impl.LocatorImpl.click(LocatorImpl.java:174)
at com.microsoft.playwright.Locator.click(Locator.java:2508)
at com.qa.tf_scst.Pages.TFLoginPage.clickLogin(TFLoginPage.java:44)
at com.qa.tf_scst.test.LoginpageTest.testValidLoginAndLogout(LoginpageTest.java:14)
at java.base/jdk.internal.reflect.NativeMethodAccessorImpl.invoke0(Native Method)
at java.base/jdk.internal.reflect.NativeMethodAccessorImpl.invoke(NativeMethodAccessorImpl.java:62)
at java.base/jdk.internal.reflect.DelegatingMethodAccessorImpl.invoke(DelegatingMethodAccessorImpl.java:43)
at java.base/java.lang.reflect.Method.invoke(Method.java:566)
at org.testng.internal.invokers.MethodInvocationHelper.invokeMethod(MethodInvocationHelper.java:141)
at org.testng.internal.invokers.TestInvoker.invokeMethod(TestInvoker.java:687)
at org.testng.internal.invokers.TestInvoker.invokeTestMethod(TestInvoker.java:230)
at org.testng.internal.invokers.MethodRunner.runInSequence(MethodRunner.java:63)
at org.testng.internal.invokers.TestInvoker$MethodInvocationAgent.invoke(TestInvoker.java:995)
at org.testng.internal.invokers.TestInvoker.invokeTestMethods(TestInvoker.java:203)
at org.testng.internal.invokers.TestMethodWorker.invokeTestMethods(TestMethodWorker.java:154)
at org.testng.internal.invokers.TestMethodWorker.run(TestMethodWorker.java:134)
at java.base/java.util.ArrayList.forEach(ArrayList.java:1541)
at org.testng.TestRunner.privateRun(TestRunner.java:741)
at org.testng.TestRunner.run(TestRunner.java:616)
at org.testng.SuiteRunner.runTest(SuiteRunner.java:421)
at org.testng.SuiteRunner.runSequentially(SuiteRunner.java:413)
at org.testng.SuiteRunner.privateRun(SuiteRunner.java:373)
at org.testng.SuiteRunner.run(SuiteRunner.java:312)
at org.testng.SuiteRunnerWorker.runSuite(SuiteRunnerWorker.java:52)
at org.testng.SuiteRunnerWorker.run(SuiteRunnerWorker.java:95)
at org.testng.TestNG.runSuitesSequentially(TestNG.java:1274)
at org.testng.TestNG.runSuitesLocally(TestNG.java:1208)
at org.testng.TestNG.runSuites(TestNG.java:1112)
at org.testng.TestNG.run(TestNG.java:1079)
at org.testng.remote.AbstractRemoteTestNG.run(AbstractRemoteTestNG.java:115)
at org.testng.remote.RemoteTestNG.initAndRun(RemoteTestNG.java:293)
at org.testng.remote.RemoteTestNG.main(RemoteTestNG.java:91)
Caused by: com.microsoft.playwright.TimeoutError: Error {
  message='Timeout 30000ms exceeded.
  name='TimeoutError
  stack='TimeoutError: Timeout 30000ms exceeded.
    at ProgressController.run (C:\Users\Amizhth\AppData\Local\Temp\playwright-java-245433696642845837\package\lib\server\progress.js:75:26)
    at Frame.click (C:\Users\Amizhth\AppData\Local\Temp\playwright-java-245433696642845837\package\lib\server\frames.js:1022:23)
    at FrameDispatcher.click (C:\Users\Amizhth\AppData\Local\Temp\playwright-java-245433696642845837\package\lib\server\dispatchers\frameDispatcher.js:157:30)
    at FrameDispatcher._handleCommand (C:\Users\Amizhth\AppData\Local\Temp\playwright-java-245433696642845837\package\lib\server\dispatchers\dispatcher.js:96:40)
    at DispatcherConnection.dispatch (C:\Users\Amizhth\AppData\Local\Temp\playwright-java-245433696642845837\package\lib\server\dispatchers\dispatcher.js:366:39)
}
Call log:
-   - waiting for getByRole(AriaRole.BUTTON, new Page.GetByRoleOptions().setName("Login")).nth(1)
-     - locator resolved to <button tabindex="0" type="button" class="MuiButtonBase-root MuiButton-root MuiButton-text MuiButton-textPrimary MuiButton-sizeMedium MuiButton-textSizeMedium MuiButton-root MuiButton-text MuiButton-textPrimary MuiButton-sizeMedium MuiButton-textSizeMedium login_btn css-1ujsas3">…</button>
-   - attempting click action
-     2 × waiting for element to be visible, enabled and stable
-       - element is visible, enabled and stable
-       - scrolling into view if needed
-       - done scrolling
-       - <div class="loader_div">…</div> intercepts pointer events
-     - retrying click action
-     - waiting 20ms
-     2 × waiting for element to be visible, enabled and stable
-       - element is visible, enabled and stable
-       - scrolling into view if needed
-       - done scrolling
-       - <div class="loader_div">…</div> intercepts pointer events
-     - retrying click action
-       - waiting 100ms
-     35 × waiting for element to be visible, enabled and stable
-        - element is visible, enabled and stable
-        - scrolling into view if needed
-        - done scrolling
-        - <div class="loader_div">…</div> intercepts pointer events
-      - retrying click action
-        - waiting 500ms
-   - element was detached from the DOM, retrying
-     - waiting for" http://startuptn-tanfund-qa2.s3-website.ap-south-1.amazonaws.com/under-maintenance" navigation to finish...
-     - navigated to "http://startuptn-tanfund-qa2.s3-website.ap-south-1.amazonaws.com/under-maintenance"

at com.microsoft.playwright.impl.Connection.dispatch(Connection.java:254)
at com.microsoft.playwright.impl.Connection.processOneMessage(Connection.java:211)
at com.microsoft.playwright.impl.ChannelOwner.runUntil(ChannelOwner.java:130)
... 41 more
]]>
    </error>
  </testcase> <!-- testValidLoginAndLogout -->
</testsuite> <!-- com.qa.tf_scst.test.LoginpageTest -->
